<?xml version="1.0" encoding="UTF-8"?>
<testsuite xmlns:xsi="http://www.w3.org/2001/XMLSchema-instance" xsi:noNamespaceSchemaLocation="https://maven.apache.org/surefire/maven-surefire-plugin/xsd/surefire-test-report.xsd" name="io.javabrains.ipldashboard.IplDashboardApplicationTests" time="7.851" tests="1" errors="0" skipped="0" failures="0">
  <properties>
    <property name="java.specification.version" value="17"/>
    <property name="sun.jnu.encoding" value="UTF-8"/>
    <property name="java.class.path" value="/Users/I524902/Downloads/ipl-dashboard-master/target/test-classes:/Users/I524902/Downloads/ipl-dashboard-master/target/classes:/Users/I524902/.m2/repository/org/springframework/boot/spring-boot-starter-batch/2.4.4/spring-boot-starter-batch-2.4.4.jar:/Users/I524902/.m2/repository/org/springframework/boot/spring-boot-starter/2.4.4/spring-boot-starter-2.4.4.jar:/Users/I524902/.m2/repository/org/springframework/boot/spring-boot-starter-logging/2.4.4/spring-boot-starter-logging-2.4.4.jar:/Users/I524902/.m2/repository/ch/qos/logback/logback-classic/1.2.3/logback-classic-1.2.3.jar:/Users/I524902/.m2/repository/ch/qos/logback/logback-core/1.2.3/logback-core-1.2.3.jar:/Users/I524902/.m2/repository/org/apache/logging/log4j/log4j-to-slf4j/2.13.3/log4j-to-slf4j-2.13.3.jar:/Users/I524902/.m2/repository/org/apache/logging/log4j/log4j-api/2.13.3/log4j-api-2.13.3.jar:/Users/I524902/.m2/repository/org/slf4j/jul-to-slf4j/1.7.30/jul-to-slf4j-1.7.30.jar:/Users/I524902/.m2/repository/jakarta/annotation/jakarta.annotation-api/1.3.5/jakarta.annotation-api-1.3.5.jar:/Users/I524902/.m2/repository/org/yaml/snakeyaml/1.27/snakeyaml-1.27.jar:/Users/I524902/.m2/repository/org/springframework/boot/spring-boot-starter-jdbc/2.4.4/spring-boot-starter-jdbc-2.4.4.jar:/Users/I524902/.m2/repository/com/zaxxer/HikariCP/3.4.5/HikariCP-3.4.5.jar:/Users/I524902/.m2/repository/org/springframework/batch/spring-batch-core/4.3.2/spring-batch-core-4.3.2.jar:/Users/I524902/.m2/repository/com/fasterxml/jackson/core/jackson-databind/2.11.4/jackson-databind-2.11.4.jar:/Users/I524902/.m2/repository/com/fasterxml/jackson/core/jackson-annotations/2.11.4/jackson-annotations-2.11.4.jar:/Users/I524902/.m2/repository/com/fasterxml/jackson/core/jackson-core/2.11.4/jackson-core-2.11.4.jar:/Users/I524902/.m2/repository/io/micrometer/micrometer-core/1.6.5/micrometer-core-1.6.5.jar:/Users/I524902/.m2/repository/org/hdrhistogram/HdrHistogram/2.1.12/HdrHistogram-2.1.12.jar:/Users/I524902/.m2/repository/org/latencyutils/LatencyUtils/2.0.3/LatencyUtils-2.0.3.jar:/Users/I524902/.m2/repository/javax/batch/javax.batch-api/1.0/javax.batch-api-1.0.jar:/Users/I524902/.m2/repository/org/codehaus/jettison/jettison/1.2/jettison-1.2.jar:/Users/I524902/.m2/repository/org/springframework/batch/spring-batch-infrastructure/4.3.2/spring-batch-infrastructure-4.3.2.jar:/Users/I524902/.m2/repository/org/springframework/retry/spring-retry/1.3.1/spring-retry-1.3.1.jar:/Users/I524902/.m2/repository/javax/annotation/javax.annotation-api/1.3.2/javax.annotation-api-1.3.2.jar:/Users/I524902/.m2/repository/org/springframework/spring-aop/5.3.5/spring-aop-5.3.5.jar:/Users/I524902/.m2/repository/org/springframework/spring-beans/5.3.5/spring-beans-5.3.5.jar:/Users/I524902/.m2/repository/org/springframework/spring-context/5.3.5/spring-context-5.3.5.jar:/Users/I524902/.m2/repository/org/springframework/spring-tx/5.3.5/spring-tx-5.3.5.jar:/Users/I524902/.m2/repository/org/springframework/boot/spring-boot-starter-data-jpa/2.4.4/spring-boot-starter-data-jpa-2.4.4.jar:/Users/I524902/.m2/repository/org/springframework/boot/spring-boot-starter-aop/2.4.4/spring-boot-starter-aop-2.4.4.jar:/Users/I524902/.m2/repository/org/aspectj/aspectjweaver/1.9.6/aspectjweaver-1.9.6.jar:/Users/I524902/.m2/repository/jakarta/transaction/jakarta.transaction-api/1.3.3/jakarta.transaction-api-1.3.3.jar:/Users/I524902/.m2/repository/jakarta/persistence/jakarta.persistence-api/2.2.3/jakarta.persistence-api-2.2.3.jar:/Users/I524902/.m2/repository/org/hibernate/hibernate-core/5.4.29.Final/hibernate-core-5.4.29.Final.jar:/Users/I524902/.m2/repository/org/jboss/logging/jboss-logging/3.4.1.Final/jboss-logging-3.4.1.Final.jar:/Users/I524902/.m2/repository/org/javassist/javassist/3.27.0-GA/javassist-3.27.0-GA.jar:/Users/I524902/.m2/repository/net/bytebuddy/byte-buddy/1.10.22/byte-buddy-1.10.22.jar:/Users/I524902/.m2/repository/antlr/antlr/2.7.7/antlr-2.7.7.jar:/Users/I524902/.m2/repository/org/jboss/jandex/2.2.3.Final/jandex-2.2.3.Final.jar:/Users/I524902/.m2/repository/com/fasterxml/classmate/1.5.1/classmate-1.5.1.jar:/Users/I524902/.m2/repository/org/dom4j/dom4j/2.1.3/dom4j-2.1.3.jar:/Users/I524902/.m2/repository/org/hibernate/common/hibernate-commons-annotations/5.1.2.Final/hibernate-commons-annotations-5.1.2.Final.jar:/Users/I524902/.m2/repository/org/glassfish/jaxb/jaxb-runtime/2.3.3/jaxb-runtime-2.3.3.jar:/Users/I524902/.m2/repository/org/glassfish/jaxb/txw2/2.3.3/txw2-2.3.3.jar:/Users/I524902/.m2/repository/com/sun/istack/istack-commons-runtime/3.0.11/istack-commons-runtime-3.0.11.jar:/Users/I524902/.m2/repository/com/sun/activation/jakarta.activation/1.2.2/jakarta.activation-1.2.2.jar:/Users/I524902/.m2/repository/org/springframework/data/spring-data-jpa/2.4.6/spring-data-jpa-2.4.6.jar:/Users/I524902/.m2/repository/org/springframework/data/spring-data-commons/2.4.6/spring-data-commons-2.4.6.jar:/Users/I524902/.m2/repository/org/springframework/spring-orm/5.3.5/spring-orm-5.3.5.jar:/Users/I524902/.m2/repository/org/slf4j/slf4j-api/1.7.30/slf4j-api-1.7.30.jar:/Users/I524902/.m2/repository/org/springframework/spring-aspects/5.3.5/spring-aspects-5.3.5.jar:/Users/I524902/.m2/repository/org/springframework/boot/spring-boot-starter-web/2.4.4/spring-boot-starter-web-2.4.4.jar:/Users/I524902/.m2/repository/org/springframework/boot/spring-boot-starter-json/2.4.4/spring-boot-starter-json-2.4.4.jar:/Users/I524902/.m2/repository/com/fasterxml/jackson/datatype/jackson-datatype-jdk8/2.11.4/jackson-datatype-jdk8-2.11.4.jar:/Users/I524902/.m2/repository/com/fasterxml/jackson/datatype/jackson-datatype-jsr310/2.11.4/jackson-datatype-jsr310-2.11.4.jar:/Users/I524902/.m2/repository/com/fasterxml/jackson/module/jackson-module-parameter-names/2.11.4/jackson-module-parameter-names-2.11.4.jar:/Users/I524902/.m2/repository/org/springframework/boot/spring-boot-starter-tomcat/2.4.4/spring-boot-starter-tomcat-2.4.4.jar:/Users/I524902/.m2/repository/org/apache/tomcat/embed/tomcat-embed-core/9.0.44/tomcat-embed-core-9.0.44.jar:/Users/I524902/.m2/repository/org/glassfish/jakarta.el/3.0.3/jakarta.el-3.0.3.jar:/Users/I524902/.m2/repository/org/apache/tomcat/embed/tomcat-embed-websocket/9.0.44/tomcat-embed-websocket-9.0.44.jar:/Users/I524902/.m2/repository/org/springframework/spring-web/5.3.5/spring-web-5.3.5.jar:/Users/I524902/.m2/repository/org/springframework/spring-webmvc/5.3.5/spring-webmvc-5.3.5.jar:/Users/I524902/.m2/repository/org/springframework/spring-expression/5.3.5/spring-expression-5.3.5.jar:/Users/I524902/.m2/repository/org/springframework/boot/spring-boot-devtools/2.4.4/spring-boot-devtools-2.4.4.jar:/Users/I524902/.m2/repository/org/springframework/boot/spring-boot/2.4.4/spring-boot-2.4.4.jar:/Users/I524902/.m2/repository/org/springframework/boot/spring-boot-autoconfigure/2.4.4/spring-boot-autoconfigure-2.4.4.jar:/Users/I524902/.m2/repository/org/hsqldb/hsqldb/2.5.1/hsqldb-2.5.1.jar:/Users/I524902/.m2/repository/org/springframework/boot/spring-boot-starter-test/2.4.4/spring-boot-starter-test-2.4.4.jar:/Users/I524902/.m2/repository/org/springframework/boot/spring-boot-test/2.4.4/spring-boot-test-2.4.4.jar:/Users/I524902/.m2/repository/org/springframework/boot/spring-boot-test-autoconfigure/2.4.4/spring-boot-test-autoconfigure-2.4.4.jar:/Users/I524902/.m2/repository/com/jayway/jsonpath/json-path/2.4.0/json-path-2.4.0.jar:/Users/I524902/.m2/repository/net/minidev/json-smart/2.3/json-smart-2.3.jar:/Users/I524902/.m2/repository/net/minidev/accessors-smart/1.2/accessors-smart-1.2.jar:/Users/I524902/.m2/repository/org/ow2/asm/asm/5.0.4/asm-5.0.4.jar:/Users/I524902/.m2/repository/jakarta/xml/bind/jakarta.xml.bind-api/2.3.3/jakarta.xml.bind-api-2.3.3.jar:/Users/I524902/.m2/repository/jakarta/activation/jakarta.activation-api/1.2.2/jakarta.activation-api-1.2.2.jar:/Users/I524902/.m2/repository/org/assertj/assertj-core/3.18.1/assertj-core-3.18.1.jar:/Users/I524902/.m2/repository/org/hamcrest/hamcrest/2.2/hamcrest-2.2.jar:/Users/I524902/.m2/repository/org/junit/jupiter/junit-jupiter/5.7.1/junit-jupiter-5.7.1.jar:/Users/I524902/.m2/repository/org/junit/jupiter/junit-jupiter-api/5.7.1/junit-jupiter-api-5.7.1.jar:/Users/I524902/.m2/repository/org/apiguardian/apiguardian-api/1.1.0/apiguardian-api-1.1.0.jar:/Users/I524902/.m2/repository/org/opentest4j/opentest4j/1.2.0/opentest4j-1.2.0.jar:/Users/I524902/.m2/repository/org/junit/platform/junit-platform-commons/1.7.1/junit-platform-commons-1.7.1.jar:/Users/I524902/.m2/repository/org/junit/jupiter/junit-jupiter-params/5.7.1/junit-jupiter-params-5.7.1.jar:/Users/I524902/.m2/repository/org/junit/jupiter/junit-jupiter-engine/5.7.1/junit-jupiter-engine-5.7.1.jar:/Users/I524902/.m2/repository/org/junit/platform/junit-platform-engine/1.7.1/junit-platform-engine-1.7.1.jar:/Users/I524902/.m2/repository/org/mockito/mockito-core/3.6.28/mockito-core-3.6.28.jar:/Users/I524902/.m2/repository/net/bytebuddy/byte-buddy-agent/1.10.22/byte-buddy-agent-1.10.22.jar:/Users/I524902/.m2/repository/org/objenesis/objenesis/3.1/objenesis-3.1.jar:/Users/I524902/.m2/repository/org/mockito/mockito-junit-jupiter/3.6.28/mockito-junit-jupiter-3.6.28.jar:/Users/I524902/.m2/repository/org/skyscreamer/jsonassert/1.5.0/jsonassert-1.5.0.jar:/Users/I524902/.m2/repository/com/vaadin/external/google/android-json/0.0.20131108.vaadin1/android-json-0.0.20131108.vaadin1.jar:/Users/I524902/.m2/repository/org/springframework/spring-core/5.3.5/spring-core-5.3.5.jar:/Users/I524902/.m2/repository/org/springframework/spring-jcl/5.3.5/spring-jcl-5.3.5.jar:/Users/I524902/.m2/repository/org/springframework/spring-test/5.3.5/spring-test-5.3.5.jar:/Users/I524902/.m2/repository/org/xmlunit/xmlunit-core/2.7.0/xmlunit-core-2.7.0.jar:/Users/I524902/.m2/repository/org/springframework/batch/spring-batch-test/4.3.2/spring-batch-test-4.3.2.jar:/Users/I524902/.m2/repository/junit/junit/4.13.2/junit-4.13.2.jar:/Users/I524902/.m2/repository/org/springframework/spring-jdbc/5.3.5/spring-jdbc-5.3.5.jar:/Users/I524902/.m2/repository/org/seleniumhq/selenium/selenium-java/3.4.0/selenium-java-3.4.0.jar:/Users/I524902/.m2/repository/org/seleniumhq/selenium/selenium-api/3.141.59/selenium-api-3.141.59.jar:/Users/I524902/.m2/repository/org/seleniumhq/selenium/selenium-chrome-driver/3.141.59/selenium-chrome-driver-3.141.59.jar:/Users/I524902/.m2/repository/com/squareup/okhttp3/okhttp/3.14.9/okhttp-3.14.9.jar:/Users/I524902/.m2/repository/com/squareup/okio/okio/1.14.0/okio-1.14.0.jar:/Users/I524902/.m2/repository/org/seleniumhq/selenium/selenium-edge-driver/3.141.59/selenium-edge-driver-3.141.59.jar:/Users/I524902/.m2/repository/org/seleniumhq/selenium/selenium-firefox-driver/3.141.59/selenium-firefox-driver-3.141.59.jar:/Users/I524902/.m2/repository/org/seleniumhq/selenium/selenium-ie-driver/3.141.59/selenium-ie-driver-3.141.59.jar:/Users/I524902/.m2/repository/org/seleniumhq/selenium/selenium-opera-driver/3.141.59/selenium-opera-driver-3.141.59.jar:/Users/I524902/.m2/repository/org/seleniumhq/selenium/selenium-remote-driver/3.141.59/selenium-remote-driver-3.141.59.jar:/Users/I524902/.m2/repository/org/seleniumhq/selenium/selenium-safari-driver/3.141.59/selenium-safari-driver-3.141.59.jar:/Users/I524902/.m2/repository/org/seleniumhq/selenium/selenium-support/3.141.59/selenium-support-3.141.59.jar:/Users/I524902/.m2/repository/cglib/cglib-nodep/3.2.4/cglib-nodep-3.2.4.jar:/Users/I524902/.m2/repository/org/apache/commons/commons-exec/1.3/commons-exec-1.3.jar:/Users/I524902/.m2/repository/org/apache/commons/commons-lang3/3.11/commons-lang3-3.11.jar:/Users/I524902/.m2/repository/commons-codec/commons-codec/1.15/commons-codec-1.15.jar:/Users/I524902/.m2/repository/commons-io/commons-io/2.5/commons-io-2.5.jar:/Users/I524902/.m2/repository/commons-logging/commons-logging/1.2/commons-logging-1.2.jar:/Users/I524902/.m2/repository/org/w3c/css/sac/1.3/sac-1.3.jar:/Users/I524902/.m2/repository/net/sourceforge/cssparser/cssparser/0.9.22/cssparser-0.9.22.jar:/Users/I524902/.m2/repository/com/google/code/gson/gson/2.8.6/gson-2.8.6.jar:/Users/I524902/.m2/repository/com/google/guava/guava/21.0/guava-21.0.jar:/Users/I524902/.m2/repository/org/hamcrest/hamcrest-core/2.2/hamcrest-core-2.2.jar:/Users/I524902/.m2/repository/net/sourceforge/htmlunit/htmlunit/2.44.0/htmlunit-2.44.0.jar:/Users/I524902/.m2/repository/org/apache/commons/commons-text/1.9/commons-text-1.9.jar:/Users/I524902/.m2/repository/net/sourceforge/htmlunit/htmlunit-cssparser/1.6.0/htmlunit-cssparser-1.6.0.jar:/Users/I524902/.m2/repository/commons-net/commons-net/3.7.1/commons-net-3.7.1.jar:/Users/I524902/.m2/repository/org/brotli/dec/0.1.2/dec-0.1.2.jar:/Users/I524902/.m2/repository/com/shapesecurity/salvation2/3.0.0/salvation2-3.0.0.jar:/Users/I524902/.m2/repository/net/sourceforge/htmlunit/htmlunit-core-js/2.26/htmlunit-core-js-2.26.jar:/Users/I524902/.m2/repository/net/sourceforge/htmlunit/neko-htmlunit/2.25/neko-htmlunit-2.25.jar:/Users/I524902/.m2/repository/org/apache/httpcomponents/httpclient/4.5.13/httpclient-4.5.13.jar:/Users/I524902/.m2/repository/org/apache/httpcomponents/httpcore/4.4.14/httpcore-4.4.14.jar:/Users/I524902/.m2/repository/org/apache/httpcomponents/httpmime/4.5.13/httpmime-4.5.13.jar:/Users/I524902/.m2/repository/org/eclipse/jetty/jetty-io/9.4.38.v20210224/jetty-io-9.4.38.v20210224.jar:/Users/I524902/.m2/repository/org/eclipse/jetty/jetty-util/9.4.38.v20210224/jetty-util-9.4.38.v20210224.jar:/Users/I524902/.m2/repository/net/java/dev/jna/jna/4.1.0/jna-4.1.0.jar:/Users/I524902/.m2/repository/net/java/dev/jna/jna-platform/4.1.0/jna-platform-4.1.0.jar:/Users/I524902/.m2/repository/com/codeborne/phantomjsdriver/1.4.0/phantomjsdriver-1.4.0.jar:/Users/I524902/.m2/repository/org/seleniumhq/selenium/htmlunit-driver/2.44.0/htmlunit-driver-2.44.0.jar:/Users/I524902/.m2/repository/javax/servlet/javax.servlet-api/4.0.1/javax.servlet-api-4.0.1.jar:/Users/I524902/.m2/repository/org/eclipse/jetty/websocket/websocket-api/9.4.38.v20210224/websocket-api-9.4.38.v20210224.jar:/Users/I524902/.m2/repository/org/eclipse/jetty/websocket/websocket-client/9.4.38.v20210224/websocket-client-9.4.38.v20210224.jar:/Users/I524902/.m2/repository/org/eclipse/jetty/jetty-client/9.4.38.v20210224/jetty-client-9.4.38.v20210224.jar:/Users/I524902/.m2/repository/org/eclipse/jetty/jetty-http/9.4.38.v20210224/jetty-http-9.4.38.v20210224.jar:/Users/I524902/.m2/repository/org/eclipse/jetty/websocket/websocket-common/9.4.38.v20210224/websocket-common-9.4.38.v20210224.jar:/Users/I524902/.m2/repository/xalan/serializer/2.7.2/serializer-2.7.2.jar:/Users/I524902/.m2/repository/xalan/xalan/2.7.2/xalan-2.7.2.jar:/Users/I524902/.m2/repository/xerces/xercesImpl/2.11.0/xercesImpl-2.11.0.jar:/Users/I524902/.m2/repository/xml-apis/xml-apis/1.4.01/xml-apis-1.4.01.jar:"/>
    <property name="java.vm.vendor" value="Homebrew"/>
    <property name="sun.arch.data.model" value="64"/>
    <property name="java.vendor.url" value="https://github.com/Homebrew/homebrew-core/issues"/>
    <property name="os.name" value="Mac OS X"/>
    <property name="java.vm.specification.version" value="17"/>
    <property name="sun.java.launcher" value="SUN_STANDARD"/>
    <property name="user.country" value="IN"/>
    <property name="sun.boot.library.path" value="/usr/local/Cellar/openjdk/17/libexec/openjdk.jdk/Contents/Home/lib"/>
    <property name="sun.java.command" value="/Users/I524902/Downloads/ipl-dashboard-master/target/surefire/surefirebooter7375817787427558157.jar /Users/I524902/Downloads/ipl-dashboard-master/target/surefire 2021-10-10T23-45-35_301-jvmRun1 surefire663500334395225059tmp surefire_0753832713813712985tmp"/>
    <property name="jdk.debug" value="release"/>
    <property name="surefire.test.class.path" value="/Users/I524902/Downloads/ipl-dashboard-master/target/test-classes:/Users/I524902/Downloads/ipl-dashboard-master/target/classes:/Users/I524902/.m2/repository/org/springframework/boot/spring-boot-starter-batch/2.4.4/spring-boot-starter-batch-2.4.4.jar:/Users/I524902/.m2/repository/org/springframework/boot/spring-boot-starter/2.4.4/spring-boot-starter-2.4.4.jar:/Users/I524902/.m2/repository/org/springframework/boot/spring-boot-starter-logging/2.4.4/spring-boot-starter-logging-2.4.4.jar:/Users/I524902/.m2/repository/ch/qos/logback/logback-classic/1.2.3/logback-classic-1.2.3.jar:/Users/I524902/.m2/repository/ch/qos/logback/logback-core/1.2.3/logback-core-1.2.3.jar:/Users/I524902/.m2/repository/org/apache/logging/log4j/log4j-to-slf4j/2.13.3/log4j-to-slf4j-2.13.3.jar:/Users/I524902/.m2/repository/org/apache/logging/log4j/log4j-api/2.13.3/log4j-api-2.13.3.jar:/Users/I524902/.m2/repository/org/slf4j/jul-to-slf4j/1.7.30/jul-to-slf4j-1.7.30.jar:/Users/I524902/.m2/repository/jakarta/annotation/jakarta.annotation-api/1.3.5/jakarta.annotation-api-1.3.5.jar:/Users/I524902/.m2/repository/org/yaml/snakeyaml/1.27/snakeyaml-1.27.jar:/Users/I524902/.m2/repository/org/springframework/boot/spring-boot-starter-jdbc/2.4.4/spring-boot-starter-jdbc-2.4.4.jar:/Users/I524902/.m2/repository/com/zaxxer/HikariCP/3.4.5/HikariCP-3.4.5.jar:/Users/I524902/.m2/repository/org/springframework/batch/spring-batch-core/4.3.2/spring-batch-core-4.3.2.jar:/Users/I524902/.m2/repository/com/fasterxml/jackson/core/jackson-databind/2.11.4/jackson-databind-2.11.4.jar:/Users/I524902/.m2/repository/com/fasterxml/jackson/core/jackson-annotations/2.11.4/jackson-annotations-2.11.4.jar:/Users/I524902/.m2/repository/com/fasterxml/jackson/core/jackson-core/2.11.4/jackson-core-2.11.4.jar:/Users/I524902/.m2/repository/io/micrometer/micrometer-core/1.6.5/micrometer-core-1.6.5.jar:/Users/I524902/.m2/repository/org/hdrhistogram/HdrHistogram/2.1.12/HdrHistogram-2.1.12.jar:/Users/I524902/.m2/repository/org/latencyutils/LatencyUtils/2.0.3/LatencyUtils-2.0.3.jar:/Users/I524902/.m2/repository/javax/batch/javax.batch-api/1.0/javax.batch-api-1.0.jar:/Users/I524902/.m2/repository/org/codehaus/jettison/jettison/1.2/jettison-1.2.jar:/Users/I524902/.m2/repository/org/springframework/batch/spring-batch-infrastructure/4.3.2/spring-batch-infrastructure-4.3.2.jar:/Users/I524902/.m2/repository/org/springframework/retry/spring-retry/1.3.1/spring-retry-1.3.1.jar:/Users/I524902/.m2/repository/javax/annotation/javax.annotation-api/1.3.2/javax.annotation-api-1.3.2.jar:/Users/I524902/.m2/repository/org/springframework/spring-aop/5.3.5/spring-aop-5.3.5.jar:/Users/I524902/.m2/repository/org/springframework/spring-beans/5.3.5/spring-beans-5.3.5.jar:/Users/I524902/.m2/repository/org/springframework/spring-context/5.3.5/spring-context-5.3.5.jar:/Users/I524902/.m2/repository/org/springframework/spring-tx/5.3.5/spring-tx-5.3.5.jar:/Users/I524902/.m2/repository/org/springframework/boot/spring-boot-starter-data-jpa/2.4.4/spring-boot-starter-data-jpa-2.4.4.jar:/Users/I524902/.m2/repository/org/springframework/boot/spring-boot-starter-aop/2.4.4/spring-boot-starter-aop-2.4.4.jar:/Users/I524902/.m2/repository/org/aspectj/aspectjweaver/1.9.6/aspectjweaver-1.9.6.jar:/Users/I524902/.m2/repository/jakarta/transaction/jakarta.transaction-api/1.3.3/jakarta.transaction-api-1.3.3.jar:/Users/I524902/.m2/repository/jakarta/persistence/jakarta.persistence-api/2.2.3/jakarta.persistence-api-2.2.3.jar:/Users/I524902/.m2/repository/org/hibernate/hibernate-core/5.4.29.Final/hibernate-core-5.4.29.Final.jar:/Users/I524902/.m2/repository/org/jboss/logging/jboss-logging/3.4.1.Final/jboss-logging-3.4.1.Final.jar:/Users/I524902/.m2/repository/org/javassist/javassist/3.27.0-GA/javassist-3.27.0-GA.jar:/Users/I524902/.m2/repository/net/bytebuddy/byte-buddy/1.10.22/byte-buddy-1.10.22.jar:/Users/I524902/.m2/repository/antlr/antlr/2.7.7/antlr-2.7.7.jar:/Users/I524902/.m2/repository/org/jboss/jandex/2.2.3.Final/jandex-2.2.3.Final.jar:/Users/I524902/.m2/repository/com/fasterxml/classmate/1.5.1/classmate-1.5.1.jar:/Users/I524902/.m2/repository/org/dom4j/dom4j/2.1.3/dom4j-2.1.3.jar:/Users/I524902/.m2/repository/org/hibernate/common/hibernate-commons-annotations/5.1.2.Final/hibernate-commons-annotations-5.1.2.Final.jar:/Users/I524902/.m2/repository/org/glassfish/jaxb/jaxb-runtime/2.3.3/jaxb-runtime-2.3.3.jar:/Users/I524902/.m2/repository/org/glassfish/jaxb/txw2/2.3.3/txw2-2.3.3.jar:/Users/I524902/.m2/repository/com/sun/istack/istack-commons-runtime/3.0.11/istack-commons-runtime-3.0.11.jar:/Users/I524902/.m2/repository/com/sun/activation/jakarta.activation/1.2.2/jakarta.activation-1.2.2.jar:/Users/I524902/.m2/repository/org/springframework/data/spring-data-jpa/2.4.6/spring-data-jpa-2.4.6.jar:/Users/I524902/.m2/repository/org/springframework/data/spring-data-commons/2.4.6/spring-data-commons-2.4.6.jar:/Users/I524902/.m2/repository/org/springframework/spring-orm/5.3.5/spring-orm-5.3.5.jar:/Users/I524902/.m2/repository/org/slf4j/slf4j-api/1.7.30/slf4j-api-1.7.30.jar:/Users/I524902/.m2/repository/org/springframework/spring-aspects/5.3.5/spring-aspects-5.3.5.jar:/Users/I524902/.m2/repository/org/springframework/boot/spring-boot-starter-web/2.4.4/spring-boot-starter-web-2.4.4.jar:/Users/I524902/.m2/repository/org/springframework/boot/spring-boot-starter-json/2.4.4/spring-boot-starter-json-2.4.4.jar:/Users/I524902/.m2/repository/com/fasterxml/jackson/datatype/jackson-datatype-jdk8/2.11.4/jackson-datatype-jdk8-2.11.4.jar:/Users/I524902/.m2/repository/com/fasterxml/jackson/datatype/jackson-datatype-jsr310/2.11.4/jackson-datatype-jsr310-2.11.4.jar:/Users/I524902/.m2/repository/com/fasterxml/jackson/module/jackson-module-parameter-names/2.11.4/jackson-module-parameter-names-2.11.4.jar:/Users/I524902/.m2/repository/org/springframework/boot/spring-boot-starter-tomcat/2.4.4/spring-boot-starter-tomcat-2.4.4.jar:/Users/I524902/.m2/repository/org/apache/tomcat/embed/tomcat-embed-core/9.0.44/tomcat-embed-core-9.0.44.jar:/Users/I524902/.m2/repository/org/glassfish/jakarta.el/3.0.3/jakarta.el-3.0.3.jar:/Users/I524902/.m2/repository/org/apache/tomcat/embed/tomcat-embed-websocket/9.0.44/tomcat-embed-websocket-9.0.44.jar:/Users/I524902/.m2/repository/org/springframework/spring-web/5.3.5/spring-web-5.3.5.jar:/Users/I524902/.m2/repository/org/springframework/spring-webmvc/5.3.5/spring-webmvc-5.3.5.jar:/Users/I524902/.m2/repository/org/springframework/spring-expression/5.3.5/spring-expression-5.3.5.jar:/Users/I524902/.m2/repository/org/springframework/boot/spring-boot-devtools/2.4.4/spring-boot-devtools-2.4.4.jar:/Users/I524902/.m2/repository/org/springframework/boot/spring-boot/2.4.4/spring-boot-2.4.4.jar:/Users/I524902/.m2/repository/org/springframework/boot/spring-boot-autoconfigure/2.4.4/spring-boot-autoconfigure-2.4.4.jar:/Users/I524902/.m2/repository/org/hsqldb/hsqldb/2.5.1/hsqldb-2.5.1.jar:/Users/I524902/.m2/repository/org/springframework/boot/spring-boot-starter-test/2.4.4/spring-boot-starter-test-2.4.4.jar:/Users/I524902/.m2/repository/org/springframework/boot/spring-boot-test/2.4.4/spring-boot-test-2.4.4.jar:/Users/I524902/.m2/repository/org/springframework/boot/spring-boot-test-autoconfigure/2.4.4/spring-boot-test-autoconfigure-2.4.4.jar:/Users/I524902/.m2/repository/com/jayway/jsonpath/json-path/2.4.0/json-path-2.4.0.jar:/Users/I524902/.m2/repository/net/minidev/json-smart/2.3/json-smart-2.3.jar:/Users/I524902/.m2/repository/net/minidev/accessors-smart/1.2/accessors-smart-1.2.jar:/Users/I524902/.m2/repository/org/ow2/asm/asm/5.0.4/asm-5.0.4.jar:/Users/I524902/.m2/repository/jakarta/xml/bind/jakarta.xml.bind-api/2.3.3/jakarta.xml.bind-api-2.3.3.jar:/Users/I524902/.m2/repository/jakarta/activation/jakarta.activation-api/1.2.2/jakarta.activation-api-1.2.2.jar:/Users/I524902/.m2/repository/org/assertj/assertj-core/3.18.1/assertj-core-3.18.1.jar:/Users/I524902/.m2/repository/org/hamcrest/hamcrest/2.2/hamcrest-2.2.jar:/Users/I524902/.m2/repository/org/junit/jupiter/junit-jupiter/5.7.1/junit-jupiter-5.7.1.jar:/Users/I524902/.m2/repository/org/junit/jupiter/junit-jupiter-api/5.7.1/junit-jupiter-api-5.7.1.jar:/Users/I524902/.m2/repository/org/apiguardian/apiguardian-api/1.1.0/apiguardian-api-1.1.0.jar:/Users/I524902/.m2/repository/org/opentest4j/opentest4j/1.2.0/opentest4j-1.2.0.jar:/Users/I524902/.m2/repository/org/junit/platform/junit-platform-commons/1.7.1/junit-platform-commons-1.7.1.jar:/Users/I524902/.m2/repository/org/junit/jupiter/junit-jupiter-params/5.7.1/junit-jupiter-params-5.7.1.jar:/Users/I524902/.m2/repository/org/junit/jupiter/junit-jupiter-engine/5.7.1/junit-jupiter-engine-5.7.1.jar:/Users/I524902/.m2/repository/org/junit/platform/junit-platform-engine/1.7.1/junit-platform-engine-1.7.1.jar:/Users/I524902/.m2/repository/org/mockito/mockito-core/3.6.28/mockito-core-3.6.28.jar:/Users/I524902/.m2/repository/net/bytebuddy/byte-buddy-agent/1.10.22/byte-buddy-agent-1.10.22.jar:/Users/I524902/.m2/repository/org/objenesis/objenesis/3.1/objenesis-3.1.jar:/Users/I524902/.m2/repository/org/mockito/mockito-junit-jupiter/3.6.28/mockito-junit-jupiter-3.6.28.jar:/Users/I524902/.m2/repository/org/skyscreamer/jsonassert/1.5.0/jsonassert-1.5.0.jar:/Users/I524902/.m2/repository/com/vaadin/external/google/android-json/0.0.20131108.vaadin1/android-json-0.0.20131108.vaadin1.jar:/Users/I524902/.m2/repository/org/springframework/spring-core/5.3.5/spring-core-5.3.5.jar:/Users/I524902/.m2/repository/org/springframework/spring-jcl/5.3.5/spring-jcl-5.3.5.jar:/Users/I524902/.m2/repository/org/springframework/spring-test/5.3.5/spring-test-5.3.5.jar:/Users/I524902/.m2/repository/org/xmlunit/xmlunit-core/2.7.0/xmlunit-core-2.7.0.jar:/Users/I524902/.m2/repository/org/springframework/batch/spring-batch-test/4.3.2/spring-batch-test-4.3.2.jar:/Users/I524902/.m2/repository/junit/junit/4.13.2/junit-4.13.2.jar:/Users/I524902/.m2/repository/org/springframework/spring-jdbc/5.3.5/spring-jdbc-5.3.5.jar:/Users/I524902/.m2/repository/org/seleniumhq/selenium/selenium-java/3.4.0/selenium-java-3.4.0.jar:/Users/I524902/.m2/repository/org/seleniumhq/selenium/selenium-api/3.141.59/selenium-api-3.141.59.jar:/Users/I524902/.m2/repository/org/seleniumhq/selenium/selenium-chrome-driver/3.141.59/selenium-chrome-driver-3.141.59.jar:/Users/I524902/.m2/repository/com/squareup/okhttp3/okhttp/3.14.9/okhttp-3.14.9.jar:/Users/I524902/.m2/repository/com/squareup/okio/okio/1.14.0/okio-1.14.0.jar:/Users/I524902/.m2/repository/org/seleniumhq/selenium/selenium-edge-driver/3.141.59/selenium-edge-driver-3.141.59.jar:/Users/I524902/.m2/repository/org/seleniumhq/selenium/selenium-firefox-driver/3.141.59/selenium-firefox-driver-3.141.59.jar:/Users/I524902/.m2/repository/org/seleniumhq/selenium/selenium-ie-driver/3.141.59/selenium-ie-driver-3.141.59.jar:/Users/I524902/.m2/repository/org/seleniumhq/selenium/selenium-opera-driver/3.141.59/selenium-opera-driver-3.141.59.jar:/Users/I524902/.m2/repository/org/seleniumhq/selenium/selenium-remote-driver/3.141.59/selenium-remote-driver-3.141.59.jar:/Users/I524902/.m2/repository/org/seleniumhq/selenium/selenium-safari-driver/3.141.59/selenium-safari-driver-3.141.59.jar:/Users/I524902/.m2/repository/org/seleniumhq/selenium/selenium-support/3.141.59/selenium-support-3.141.59.jar:/Users/I524902/.m2/repository/cglib/cglib-nodep/3.2.4/cglib-nodep-3.2.4.jar:/Users/I524902/.m2/repository/org/apache/commons/commons-exec/1.3/commons-exec-1.3.jar:/Users/I524902/.m2/repository/org/apache/commons/commons-lang3/3.11/commons-lang3-3.11.jar:/Users/I524902/.m2/repository/commons-codec/commons-codec/1.15/commons-codec-1.15.jar:/Users/I524902/.m2/repository/commons-io/commons-io/2.5/commons-io-2.5.jar:/Users/I524902/.m2/repository/commons-logging/commons-logging/1.2/commons-logging-1.2.jar:/Users/I524902/.m2/repository/org/w3c/css/sac/1.3/sac-1.3.jar:/Users/I524902/.m2/repository/net/sourceforge/cssparser/cssparser/0.9.22/cssparser-0.9.22.jar:/Users/I524902/.m2/repository/com/google/code/gson/gson/2.8.6/gson-2.8.6.jar:/Users/I524902/.m2/repository/com/google/guava/guava/21.0/guava-21.0.jar:/Users/I524902/.m2/repository/org/hamcrest/hamcrest-core/2.2/hamcrest-core-2.2.jar:/Users/I524902/.m2/repository/net/sourceforge/htmlunit/htmlunit/2.44.0/htmlunit-2.44.0.jar:/Users/I524902/.m2/repository/org/apache/commons/commons-text/1.9/commons-text-1.9.jar:/Users/I524902/.m2/repository/net/sourceforge/htmlunit/htmlunit-cssparser/1.6.0/htmlunit-cssparser-1.6.0.jar:/Users/I524902/.m2/repository/commons-net/commons-net/3.7.1/commons-net-3.7.1.jar:/Users/I524902/.m2/repository/org/brotli/dec/0.1.2/dec-0.1.2.jar:/Users/I524902/.m2/repository/com/shapesecurity/salvation2/3.0.0/salvation2-3.0.0.jar:/Users/I524902/.m2/repository/net/sourceforge/htmlunit/htmlunit-core-js/2.26/htmlunit-core-js-2.26.jar:/Users/I524902/.m2/repository/net/sourceforge/htmlunit/neko-htmlunit/2.25/neko-htmlunit-2.25.jar:/Users/I524902/.m2/repository/org/apache/httpcomponents/httpclient/4.5.13/httpclient-4.5.13.jar:/Users/I524902/.m2/repository/org/apache/httpcomponents/httpcore/4.4.14/httpcore-4.4.14.jar:/Users/I524902/.m2/repository/org/apache/httpcomponents/httpmime/4.5.13/httpmime-4.5.13.jar:/Users/I524902/.m2/repository/org/eclipse/jetty/jetty-io/9.4.38.v20210224/jetty-io-9.4.38.v20210224.jar:/Users/I524902/.m2/repository/org/eclipse/jetty/jetty-util/9.4.38.v20210224/jetty-util-9.4.38.v20210224.jar:/Users/I524902/.m2/repository/net/java/dev/jna/jna/4.1.0/jna-4.1.0.jar:/Users/I524902/.m2/repository/net/java/dev/jna/jna-platform/4.1.0/jna-platform-4.1.0.jar:/Users/I524902/.m2/repository/com/codeborne/phantomjsdriver/1.4.0/phantomjsdriver-1.4.0.jar:/Users/I524902/.m2/repository/org/seleniumhq/selenium/htmlunit-driver/2.44.0/htmlunit-driver-2.44.0.jar:/Users/I524902/.m2/repository/javax/servlet/javax.servlet-api/4.0.1/javax.servlet-api-4.0.1.jar:/Users/I524902/.m2/repository/org/eclipse/jetty/websocket/websocket-api/9.4.38.v20210224/websocket-api-9.4.38.v20210224.jar:/Users/I524902/.m2/repository/org/eclipse/jetty/websocket/websocket-client/9.4.38.v20210224/websocket-client-9.4.38.v20210224.jar:/Users/I524902/.m2/repository/org/eclipse/jetty/jetty-client/9.4.38.v20210224/jetty-client-9.4.38.v20210224.jar:/Users/I524902/.m2/repository/org/eclipse/jetty/jetty-http/9.4.38.v20210224/jetty-http-9.4.38.v20210224.jar:/Users/I524902/.m2/repository/org/eclipse/jetty/websocket/websocket-common/9.4.38.v20210224/websocket-common-9.4.38.v20210224.jar:/Users/I524902/.m2/repository/xalan/serializer/2.7.2/serializer-2.7.2.jar:/Users/I524902/.m2/repository/xalan/xalan/2.7.2/xalan-2.7.2.jar:/Users/I524902/.m2/repository/xerces/xercesImpl/2.11.0/xercesImpl-2.11.0.jar:/Users/I524902/.m2/repository/xml-apis/xml-apis/1.4.01/xml-apis-1.4.01.jar:"/>
    <property name="sun.cpu.endian" value="little"/>
    <property name="user.home" value="/Users/I524902"/>
    <property name="user.language" value="en"/>
    <property name="java.specification.vendor" value="Oracle Corporation"/>
    <property name="java.version.date" value="2021-09-14"/>
    <property name="java.home" value="/usr/local/Cellar/openjdk/17/libexec/openjdk.jdk/Contents/Home"/>
    <property name="file.separator" value="/"/>
    <property name="basedir" value="/Users/I524902/Downloads/ipl-dashboard-master"/>
    <property name="java.vm.compressedOopsMode" value="Zero based"/>
    <property name="line.separator" value="&#10;"/>
    <property name="java.vm.specification.vendor" value="Oracle Corporation"/>
    <property name="java.specification.name" value="Java Platform API Specification"/>
    <property name="surefire.real.class.path" value="/Users/I524902/Downloads/ipl-dashboard-master/target/surefire/surefirebooter7375817787427558157.jar"/>
    <property name="sun.management.compiler" value="HotSpot 64-Bit Tiered Compilers"/>
    <property name="java.runtime.version" value="17+0"/>
    <property name="user.name" value="I524902"/>
    <property name="path.separator" value=":"/>
    <property name="os.version" value="11.5.2"/>
    <property name="java.runtime.name" value="OpenJDK Runtime Environment"/>
    <property name="file.encoding" value="UTF-8"/>
    <property name="java.vm.name" value="OpenJDK 64-Bit Server VM"/>
    <property name="java.vendor.version" value="Homebrew"/>
    <property name="localRepository" value="/Users/I524902/.m2/repository"/>
    <property name="java.vendor.url.bug" value="https://github.com/Homebrew/homebrew-core/issues"/>
    <property name="java.io.tmpdir" value="/var/folders/96/x_n70hlj3c1cbsjs5q0_8_5c0000gp/T/"/>
    <property name="java.version" value="17"/>
    <property name="user.dir" value="/Users/I524902/Downloads/ipl-dashboard-master"/>
    <property name="os.arch" value="x86_64"/>
    <property name="java.vm.specification.name" value="Java Virtual Machine Specification"/>
    <property name="native.encoding" value="UTF-8"/>
    <property name="java.library.path" value="/Users/I524902/Library/Java/Extensions:/Library/Java/Extensions:/Network/Library/Java/Extensions:/System/Library/Java/Extensions:/usr/lib/java:."/>
    <property name="java.vm.info" value="mixed mode, sharing"/>
    <property name="java.vendor" value="Homebrew"/>
    <property name="java.vm.version" value="17+0"/>
    <property name="sun.io.unicode.encoding" value="UnicodeBig"/>
    <property name="java.class.version" value="61.0"/>
  </properties>
  <testcase name="contextLoads" classname="io.javabrains.ipldashboard.IplDashboardApplicationTests" time="0.16"/>
</testsuite>